<?xml version="1.0" encoding="UTF-8"?>
<testng-results ignored="0" total="0" passed="0" failed="0" skipped="0">
  <reporter-output>
  </reporter-output>
  <suite started-at="2024-01-19T12:16:20 IST" name="Suite" finished-at="2024-01-19T12:16:20 IST" duration-ms="26">
    <groups>
    </groups>
    <test started-at="2024-01-19T12:16:20 IST" name="Test" finished-at="2024-01-19T12:16:20 IST" duration-ms="26">
      <class name="contactsTests.CreateContactWithLeadSource">
        <test-method is-config="true" signature="BSconfig()[pri:0, instance:contactsTests.CreateContactWithLeadSource@33bc72d1]" started-at="2024-01-19T12:16:20 IST" name="BSconfig" finished-at="2024-01-19T12:16:20 IST" duration-ms="18" status="PASS">
          <reporter-output>
          </reporter-output>
        </test-method> <!-- BSconfig -->
        <test-method is-config="true" signature="ASconfig()[pri:0, instance:contactsTests.CreateContactWithLeadSource@33bc72d1]" started-at="2024-01-19T12:16:20 IST" name="ASconfig" finished-at="2024-01-19T12:16:20 IST" duration-ms="1" status="PASS">
          <reporter-output>
          </reporter-output>
        </test-method> <!-- ASconfig -->
      </class> <!-- contactsTests.CreateContactWithLeadSource -->
    </test> <!-- Test -->
  </suite> <!-- Suite -->
</testng-results>
