<?xml version="1.0" encoding="UTF-8"?>
<testng-results ignored="0" total="1" passed="1" failed="0" skipped="0">
  <reporter-output>
  </reporter-output>
  <suite started-at="2024-01-16T12:40:16 IST" name="Default suite" finished-at="2024-01-16T12:42:47 IST" duration-ms="150648">
    <groups>
    </groups>
    <test started-at="2024-01-16T12:40:16 IST" name="Default test" finished-at="2024-01-16T12:42:47 IST" duration-ms="150648">
      <class name="contactsTests.CreateContactTest">
        <test-method is-config="true" signature="BSconfig()[pri:0, instance:contactsTests.CreateContactTest@248e319b]" started-at="2024-01-16T12:40:16 IST" name="BSconfig" finished-at="2024-01-16T12:40:16 IST" duration-ms="19" status="PASS">
          <reporter-output>
          </reporter-output>
        </test-method> <!-- BSconfig -->
        <test-method is-config="true" signature="BCconfig()[pri:0, instance:contactsTests.CreateContactTest@248e319b]" started-at="2024-01-16T12:40:17 IST" name="BCconfig" finished-at="2024-01-16T12:41:11 IST" duration-ms="53793" status="PASS">
          <reporter-output>
          </reporter-output>
        </test-method> <!-- BCconfig -->
        <test-method is-config="true" signature="BMconfig()[pri:0, instance:contactsTests.CreateContactTest@248e319b]" started-at="2024-01-16T12:41:11 IST" name="BMconfig" finished-at="2024-01-16T12:41:54 IST" duration-ms="42607" status="PASS">
          <reporter-output>
          </reporter-output>
        </test-method> <!-- BMconfig -->
        <test-method signature="CreateAContact()[pri:0, instance:contactsTests.CreateContactTest@248e319b]" started-at="2024-01-16T12:41:54 IST" name="CreateAContact" finished-at="2024-01-16T12:42:41 IST" duration-ms="46977" status="PASS">
          <reporter-output>
          </reporter-output>
        </test-method> <!-- CreateAContact -->
        <test-method is-config="true" signature="AMconfig()[pri:0, instance:contactsTests.CreateContactTest@248e319b]" started-at="2024-01-16T12:42:41 IST" name="AMconfig" finished-at="2024-01-16T12:42:46 IST" duration-ms="5538" status="PASS">
          <reporter-output>
          </reporter-output>
        </test-method> <!-- AMconfig -->
        <test-method is-config="true" signature="ACconfig()[pri:0, instance:contactsTests.CreateContactTest@248e319b]" started-at="2024-01-16T12:42:46 IST" name="ACconfig" finished-at="2024-01-16T12:42:47 IST" duration-ms="790" status="PASS">
          <reporter-output>
          </reporter-output>
        </test-method> <!-- ACconfig -->
        <test-method is-config="true" signature="ASconfig()[pri:0, instance:contactsTests.CreateContactTest@248e319b]" started-at="2024-01-16T12:42:48 IST" name="ASconfig" finished-at="2024-01-16T12:42:48 IST" duration-ms="0" status="PASS">
          <reporter-output>
          </reporter-output>
        </test-method> <!-- ASconfig -->
      </class> <!-- contactsTests.CreateContactTest -->
    </test> <!-- Default test -->
  </suite> <!-- Default suite -->
</testng-results>
